Started on Jun 4, 2024, 2:36:12 PM
Started by event from 140.82.115.174 ⇒ http://13.67.193.71:8080/github-webhook/ on Tue Jun 04 14:36:12 UTC 2024
Using strategy: Default
[poll] Last Built Revision: Revision 5e9d07731640ceabbd13ab950c34373236cd75de (refs/remotes/origin/master)
The recommended git tool is: git
No credentials specified
 > git --version # timeout=10
 > git --version # 'git version 2.17.1'
 > git ls-remote -h -- https://github.com/fnkenda/eHealth.Presentation.Net.git # timeout=10
Found 7 remote heads on https://github.com/fnkenda/eHealth.Presentation.Net.git
[poll] Latest remote head revision on refs/heads/master is: dcff98db950b8b3f33434da600936b122cba4b4e
Using strategy: Default
[poll] Last Built Revision: Revision 5e9d07731640ceabbd13ab950c34373236cd75de (refs/remotes/origin/master)
The recommended git tool is: git
No credentials specified
 > git --version # timeout=10
 > git --version # 'git version 2.17.1'
 > git ls-remote -h -- https://github.com/fnkenda/eHealth.Presentation.Net.git # timeout=10
Found 7 remote heads on https://github.com/fnkenda/eHealth.Presentation.Net.git
[poll] Latest remote head revision on refs/heads/master is: dcff98db950b8b3f33434da600936b122cba4b4e
Done. Took 0.4 sec
Changes found
